<?xml version="1.0" encoding="UTF-8"?>
<testsuite name="com.hsoft.internal.ExpectationTest" tests="6" skipped="0" failures="0" errors="0" timestamp="2023-04-06T21:00:34" hostname="DESKTOP-L99RMKS" time="1.965">
  <properties/>
  <testcase name="repetition 1 of 5" classname="com.hsoft.internal.ExpectationTest" time="1.158"/>
  <testcase name="repetition 2 of 5" classname="com.hsoft.internal.ExpectationTest" time="0.153"/>
  <testcase name="repetition 3 of 5" classname="com.hsoft.internal.ExpectationTest" time="0.311"/>
  <testcase name="repetition 4 of 5" classname="com.hsoft.internal.ExpectationTest" time="0.169"/>
  <testcase name="repetition 5 of 5" classname="com.hsoft.internal.ExpectationTest" time="0.075"/>
  <testcase name="singleThreaded()" classname="com.hsoft.internal.ExpectationTest" time="0.078"/>
  <system-out><![CDATA[17:00:35.720 [Test worker] INFO  com.hsoft.internal.B - Java: 17.0.6+9-LTS-190
17:00:35.729 [Test worker] INFO  com.hsoft.internal.B - Starting to publish data
17:00:36.056 [Test worker] INFO  com.hsoft.internal.B - All data were published
17:00:36.098 [Test worker] INFO  com.hsoft.internal.B - Starting to publish data
17:00:36.248 [Test worker] INFO  com.hsoft.internal.B - All data were published
17:00:36.253 [Test worker] INFO  com.hsoft.internal.B - Starting to publish data
17:00:36.561 [Test worker] INFO  com.hsoft.internal.B - All data were published
17:00:36.566 [Test worker] INFO  com.hsoft.internal.B - Starting to publish data
17:00:36.733 [Test worker] INFO  com.hsoft.internal.B - All data were published
17:00:36.738 [Test worker] INFO  com.hsoft.internal.B - Starting to publish data
17:00:36.812 [Test worker] INFO  com.hsoft.internal.B - All data were published
17:00:36.817 [Test worker] INFO  com.hsoft.internal.B - Starting to publish data
17:00:36.892 [Test worker] INFO  com.hsoft.internal.B - All data were published
]]></system-out>
  <system-err><![CDATA[]]></system-err>
</testsuite>
