<?xml version="1.0" encoding="UTF-8"?>
<testsuite name="com.hsoft.practice.VwapTriggerTest" tests="12" skipped="0" failures="0" errors="0" timestamp="2023-04-06T21:00:36" hostname="DESKTOP-L99RMKS" time="0.034">
  <properties/>
  <testcase name="ShouldAddTransactionOnTwoDifferentProducts()" classname="com.hsoft.practice.VwapTriggerTest" time="0.003"/>
  <testcase name="ShouldAddMoreThanFiveTransactionsOnProduct()" classname="com.hsoft.practice.VwapTriggerTest" time="0.001"/>
  <testcase name="shouldAddFirstProductForFairValue()" classname="com.hsoft.practice.VwapTriggerTest" time="0.002"/>
  <testcase name="ShouldAddTwoTransactionsOnTheSameProduct()" classname="com.hsoft.practice.VwapTriggerTest" time="0.001"/>
  <testcase name="shouldAddSeveralProductAndFirstFairValueChanged()" classname="com.hsoft.practice.VwapTriggerTest" time="0.002"/>
  <testcase name="ShouldAddFirstTransaction()" classname="com.hsoft.practice.VwapTriggerTest" time="0.002"/>
  <testcase name="ShouldComputeVWAPForOneTransaction()" classname="com.hsoft.practice.VwapTriggerTest" time="0.001"/>
  <testcase name="ShouldComputeVWAPForTwoProducts()" classname="com.hsoft.practice.VwapTriggerTest" time="0.001"/>
  <testcase name="ShouldComputeVWAPForTwoTransaction()" classname="com.hsoft.practice.VwapTriggerTest" time="0.0"/>
  <testcase name="ShouldAddTwoTransactionsOnTwoDifferentProducts()" classname="com.hsoft.practice.VwapTriggerTest" time="0.001"/>
  <testcase name="shouldAddSeveralProduct()" classname="com.hsoft.practice.VwapTriggerTest" time="0.002"/>
  <testcase name="shouldAddFirstProductWhenFairValueChanged()" classname="com.hsoft.practice.VwapTriggerTest" time="0.002"/>
  <system-out><![CDATA[]]></system-out>
  <system-err><![CDATA[]]></system-err>
</testsuite>
