<?xml version="1.0" encoding="UTF-8"?>
<testsuite name="com.hsoft.practice.VwapTriggerTest" tests="1" skipped="0" failures="0" errors="0" timestamp="2023-04-05T06:20:18" hostname="DESKTOP-L99RMKS" time="0.033">
  <properties/>
  <testcase name="ShouldComputeVWAPForTwoProducts()" classname="com.hsoft.practice.VwapTriggerTest" time="0.033"/>
  <system-out><![CDATA[vwap result = 10.0
vwap result = 12.0
vwap result = 10.666666666666666
]]></system-out>
  <system-err><![CDATA[]]></system-err>
</testsuite>
